2025-09-05 22:36:16 INFO     Server starting up Running run.py with python 3.13.7 on darwin with matterport-dl version: S 7881b897af23469334e8123330735cc74461885f
2025-09-05 22:36:30 INFO     Redirecting / => /index.modified.html as modified version exists
2025-09-05 22:36:30 INFO     Redirecting /?m=RUoijF8Md3j => /index.modified.html as modified version exists
2025-09-05 22:36:30 INFO     Using our javascript network proxier
2025-09-05 22:36:30 INFO     Redirecting /js/runtime~showcase.54120b6777d1697a0d62.js => /js/runtime_showcase.54120b6777d1697a0d62.js as None
2025-09-05 22:36:30 INFO     Redirecting /js/vendors-react.a56089c1cf154062b899.js => /js/vendors-react.a56089c1cf154062b899.modified.js as modified version exists
2025-09-05 22:36:30 INFO     Redirecting /js/showcase.9f809b112438aa6adfba.js => /js/showcase.9f809b112438aa6adfba.modified.js as modified version exists
2025-09-05 22:36:30 WARNING  ###### 404 error: /images/favicons/favicon.ico may not be downloading everything right
2025-09-05 22:36:30 WARNING  ###### 404 error: /images/atlas.png may not be downloading everything right
2025-09-05 22:36:30 INFO     Handling a graph request on /api/mp/models/graph?operationName=GetModelViewPrefetch&variables=%7B%22viewLookup%22%3A%22default%22%2C%22modelId%22%3A%22RUoijF8Md3j%22%2C%22includeDisabled%22%3Afalse%2C%22includeLayers%22%3Afalse%7D&extensions=%7B%22persistedQuery%22%3A%7B%22version%22%3A1%2C%22sha256Hash%22%3A%226a67995d2ca2c05a5ea14601dbb914891edb15b2c6ba62c69e860468aaf2f676%22%7D%7D: graph of operationName: GetModelViewPrefetch we are handling internally
2025-09-05 22:36:30 INFO     Handling a graph request on /api/mp/models/graph?operationName=GetSnapshots&variables=%7B%22modelId%22%3A%22RUoijF8Md3j%22%7D&extensions=%7B%22persistedQuery%22%3A%7B%22version%22%3A1%2C%22sha256Hash%22%3A%22cd7710edb3d9ebc362ed5c5255035bd3f44fbdad42695759a3f68ea2cdbf2b55%22%7D%7D: graph of operationName: GetSnapshots we are handling internally
2025-09-05 22:36:30 WARNING  ###### 404 error: /showcase-sdk/plugins/published/compass/1.0.14/plugin.json may not be downloading everything right
2025-09-05 22:36:30 WARNING  ###### 404 error: /images/matterport-logo-white-r.svg may not be downloading everything right
2025-09-05 22:36:30 INFO     Handling a graph request on /api/mp/models/graph?operationName=GetRoomBounds&variables=%7B%22modelId%22%3A%22RUoijF8Md3j%22%7D&extensions=%7B%22persistedQuery%22%3A%7B%22version%22%3A1%2C%22sha256Hash%22%3A%22029df18d9ef1c284231f1511f26144448a6629613a1b32d648210a575caf5407%22%7D%7D: graph of operationName: GetRoomBounds we are handling internally
2025-09-05 22:36:30 WARNING  ###### 404 error: /images/logo-white.svg may not be downloading everything right
2025-09-05 22:36:31 WARNING  Requested crop texture not found: /models/768a5cdb6bc641ba9ca884f3cf487db1/assets/mesh_tiles/_/1/lod1_room0_chunk64_000.jpgcrop=512,512,x0,y0.jpg falling back to full res may show visual issues
2025-09-05 22:36:31 WARNING  Requested crop texture not found: /models/768a5cdb6bc641ba9ca884f3cf487db1/assets/mesh_tiles/_/1/lod1_room0_chunk64_000.jpgcrop=512,512,x0,y0.25.jpg falling back to full res may show visual issues
2025-09-05 22:36:31 WARNING  Requested crop texture not found: /models/768a5cdb6bc641ba9ca884f3cf487db1/assets/mesh_tiles/_/1/lod1_room0_chunk64_000.jpgcrop=512,512,x0,y0.5.jpg falling back to full res may show visual issues
2025-09-05 22:36:31 WARNING  Requested crop texture not found: /models/768a5cdb6bc641ba9ca884f3cf487db1/assets/mesh_tiles/_/1/lod1_room0_chunk64_000.jpgcrop=512,512,x0,y0.75.jpg falling back to full res may show visual issues
2025-09-05 22:36:31 WARNING  Requested crop texture not found: /models/768a5cdb6bc641ba9ca884f3cf487db1/assets/mesh_tiles/_/1/lod1_room0_chunk64_000.jpgcrop=512,512,x0.25,y0.jpg falling back to full res may show visual issues
2025-09-05 22:36:31 WARNING  Requested crop texture not found: /models/768a5cdb6bc641ba9ca884f3cf487db1/assets/mesh_tiles/_/1/lod1_room0_chunk64_000.jpgcrop=512,512,x0.25,y0.25.jpg falling back to full res may show visual issues
2025-09-05 22:36:31 WARNING  Requested crop texture not found: /models/768a5cdb6bc641ba9ca884f3cf487db1/assets/mesh_tiles/_/1/lod1_room0_chunk64_000.jpgcrop=512,512,x0.25,y0.5.jpg falling back to full res may show visual issues
2025-09-05 22:36:31 WARNING  Requested crop texture not found: /models/768a5cdb6bc641ba9ca884f3cf487db1/assets/mesh_tiles/_/1/lod1_room0_chunk64_000.jpgcrop=512,512,x0.25,y0.75.jpg falling back to full res may show visual issues
2025-09-05 22:36:31 WARNING  Requested crop texture not found: /models/768a5cdb6bc641ba9ca884f3cf487db1/assets/mesh_tiles/_/1/lod1_room0_chunk64_000.jpgcrop=512,512,x0.5,y0.25.jpg falling back to full res may show visual issues
2025-09-05 22:36:31 WARNING  Requested crop texture not found: /models/768a5cdb6bc641ba9ca884f3cf487db1/assets/mesh_tiles/_/1/lod1_room0_chunk64_000.jpgcrop=512,512,x0.5,y0.5.jpg falling back to full res may show visual issues
2025-09-05 22:36:31 WARNING  Requested crop texture not found: /models/768a5cdb6bc641ba9ca884f3cf487db1/assets/mesh_tiles/_/1/lod1_room0_chunk64_000.jpgcrop=512,512,x0.5,y0.75.jpg falling back to full res may show visual issues
2025-09-05 22:36:31 WARNING  Requested crop texture not found: /models/768a5cdb6bc641ba9ca884f3cf487db1/assets/mesh_tiles/_/1/lod1_room0_chunk64_000.jpgcrop=512,512,x0.75,y0.jpg falling back to full res may show visual issues
2025-09-05 22:36:31 WARNING  Requested crop texture not found: /models/768a5cdb6bc641ba9ca884f3cf487db1/assets/mesh_tiles/_/1/lod1_room0_chunk64_000.jpgcrop=512,512,x0.5,y0.jpg falling back to full res may show visual issues
2025-09-05 22:36:31 WARNING  Requested crop texture not found: /models/768a5cdb6bc641ba9ca884f3cf487db1/assets/mesh_tiles/_/1/lod1_room0_chunk64_000.jpgcrop=512,512,x0.75,y0.25.jpg falling back to full res may show visual issues
2025-09-05 22:36:31 WARNING  Requested crop texture not found: /models/768a5cdb6bc641ba9ca884f3cf487db1/assets/mesh_tiles/_/1/lod1_room0_chunk64_000.jpgcrop=512,512,x0.75,y0.5.jpg falling back to full res may show visual issues
2025-09-05 22:36:31 WARNING  Requested crop texture not found: /models/768a5cdb6bc641ba9ca884f3cf487db1/assets/mesh_tiles/_/1/lod1_room0_chunk64_000.jpgcrop=512,512,x0.75,y0.75.jpg falling back to full res may show visual issues
2025-09-05 22:36:39 WARNING  ###### 404 error: /models/768a5cdb6bc641ba9ca884f3cf487db1/assets/_/tiles/d037f23925164b5e98f323d67383ae8f/1k_face1_1_0.jpg?t=2-1f65e5e498485c67be86cf8fa908f462b3b87094-1756209513-0&k=models%2F768a5cdb6bc641ba9ca884f3cf487db1%2Fassets&imgopt=1 may not be downloading everything right
